     1                                  ;****************************************************************************************************************************
     2                                  ;Program name: "isfloat".  This a library function contained in a single file.  The function receives a null-terminated     *
     3                                  ;array of char and either verifies that the array can be converted to a 64-bit float or denies that such a conversion is    *
     4                                  ;possible.  Copyright (C) 2022 Floyd Holliday.                                                                              *
     5                                  ;                                                                                                                           *
     6                                  ;This program is free software: you can redistribute it and/or modify it under the terms of the GNU Lesser General Public   *
     7                                  ;License version 3 as published by the Free Software Foundation.  This program is distributed in the hope that it will be   *
     8                                  ;useful, but WITHOUT ANY WARRANTY; without even the implied warranty of MERCHANTABILITY or FITNESS FOR A PARTICULAR PURPOSE.*
     9                                  ;See the GNU Lesser General Public License for more details. A copy of the GNU General Public License v3 is available here: *
    10                                  ;<https:;www.gnu.org/licenses/>.                            *
    11                                  ;****************************************************************************************************************************
    12                                  ;
    13                                  ;
    14                                  ;========1=========2=========3=========4=========5=========6=========7=========8=========9=========0=========1=========2=========3**
    15                                  ;Author information
    16                                  ;  Author name: Floyd Holliday
    17                                  ;  Author email: holliday@fullerton.edu
    18                                  ;  Author phone (wired phone in CS building): (657)278-7021
    19                                  ;
    20                                  ;Status
    21                                  ;  This software is not an application program, but rather it is a single function licensed for use by other applications.
    22                                  ;  This function can be embedded within both FOSS programs and in proprietary programs as permitted by the LGPL.
    23                                  
    24                                  ;Function information
    25                                  ;  Function name: isfloat
    26                                  ;  Programming language: X86 assembly in Intel syntax.
    27                                  ;  Date development began:  2022-Feb-28
    28                                  ;  Date version 1.0 finished: 2022-Mar-03
    29                                  ;  Files of this function: isfloat.asm
    30                                  ;  System requirements: an X86 platform with nasm installed o other compatible assembler.
    31                                  ;  Know issues: <now in testing phase>
    32                                  ;  Assembler used for testing: Nasm version 2.14.02
    33                                  ;  Prototype: bool isfloat(char *);
    34                                  ;
    35                                  ;Purpose
    36                                  ;  This function wil accept a string (array of char) and verify that it can be converted to a corresponding 64-bit 
    37                                  ;  float number or not converted to a float number.
    38                                  ;
    39                                  ;Translation information
    40                                  ;  Assemble: nasm -f elf64 -l isfloat.lis -o isfloat.o isfloat.asm
    41                                  ;
    42                                  ;Software design document:
    43                                  ;  An Execution flow chart accompanies this function.  That document will provide a better understanding of the 
    44                                  ;  algorithm used in the isfloat function than a direct reading of the source code of the function.
    45                                  
    46                                  ;========= Begin source code ====================================================================================
    47                                  ;Declaration area
    48                                  
    49                                  global isfloat
    50                                  
    51                                  null equ 0
    52                                  true equ -1
    53                                  false equ 0
    54                                  
    55                                  segment .data
    56                                     ;This segment is empty
    57                                  
    58                                  segment .bss
    59                                     ;This segment is empty
    60                                  
    61                                  segment .text
    62                                  isfloat:
    63                                  
    64                                  ;Block that backs up almost all GPRs
    65                                  ;Back up the general purpose registers for the sole purpose of protecting the data of the caller.
    66 00000000 55                      push rbp                                          ;Backup rbp
    67 00000001 4889E5                  mov  rbp,rsp                                      ;The base pointer now points to top of stack
    68 00000004 57                      push rdi                                          ;Backup rdi
    69 00000005 56                      push rsi                                          ;Backup rsi
    70 00000006 52                      push rdx                                          ;Backup rdx
    71 00000007 51                      push rcx                                          ;Backup rcx
    72 00000008 4150                    push r8                                           ;Backup r8
    73 0000000A 4151                    push r9                                           ;Backup r9
    74 0000000C 4152                    push r10                                          ;Backup r10
    75 0000000E 4153                    push r11                                          ;Backup r11
    76 00000010 4154                    push r12                                          ;Backup r12
    77 00000012 4155                    push r13                                          ;Backup r13
    78 00000014 4156                    push r14                                          ;Backup r14
    79 00000016 4157                    push r15                                          ;Backup r15
    80 00000018 53                      push rbx                                          ;Backup rbx
    81 00000019 9C                      pushf                                             ;Backup rflags
    82                                  
    83                                  
    84                                  ;Make a copy of the passed in array of ascii values
    85 0000001A 4989FD                  mov r13, rdi                                      ;r13 is the array of char
    86                                  
    87                                  ;Let r14 be an index of the array r13.  Initialize to integer 0
    88 0000001D 4D31F6                  xor r14, r14
    89                                  
    90                                  ;Check for leading plus or minus signs
    91 00000020 41807D002B              cmp byte [r13],'+'
    92 00000025 7409                    je increment_index
    93 00000027 41807D002D              cmp byte[r13],'-'
    94                                  ; je return_false
    95 0000002C 7402                    je increment_index
    96 0000002E 7503                    jne continue_validation
    97                                  increment_index:
    98 00000030 49FFC6                  inc r14
    99                                  
   100                                  continue_validation:
   101                                  
   102                                  ;Block: loop to validate chars before the decimal point
   103                                  loop_before_point:
   104 00000033 B800000000                 mov rax,0
   105 00000038 4831FF                     xor rdi,rdi                ;Zero out rdi
   106 0000003B 438A7C3500                 mov dil,byte [r13+1*r14]   ;dil is the low byte in the register rdi; reference Jorgensen, p. 10
   107 00000040 E85C000000                 call is_digit
   108 00000045 4883F800                   cmp rax,false
   109 00000049 7405                       je is_it_radix_point
   110 0000004B 49FFC6                     inc r14
   111 0000004E EBE3                       jmp loop_before_point
   112                                  ;End of loop checking chars before the point is encountered.
   113                                  
   114                                  is_it_radix_point:
   115                                  
   116                                  ;Is the next value of the array a genuine radix point?
   117 00000050 43807C35002E            cmp byte[r13+1*r14],'.'
   118 00000056 752C                        jne return_false
   119                                  
   120                                  ;A point has been found, therefore, begin a loop to process remaining digits.
   121                                  start_loop_after_finding_a_point:
   122 00000058 49FFC6                      inc r14
   123 0000005B B800000000                  mov rax,0
   124 00000060 4831FF                      xor rdi,rdi
   125 00000063 438A7C3500                  mov dil,byte[r13+1*r14]
   126 00000068 E834000000                  call is_digit
   127 0000006D 4883F800                    cmp rax,false
   128 00000071 75E5                        jne start_loop_after_finding_a_point
   129                                  ;End of loop processing valid digits after passing the one decimal point.
   130                                  
   131                                  ;Something other than a digit has been found.  
   132                                  ;It should be null at the end of the string.
   133 00000073 43807C350000            cmp byte [r13+1*r14],null
   134 00000079 7509                    jne return_false
   135 0000007B 48C7C0FFFFFFFF          mov rax,true
   136 00000082 EB05                    jmp restore_gpr_registers
   137                                      
   138                                  return_false:
   139 00000084 B800000000              mov rax,false
   140                                  
   141                                  restore_gpr_registers:
   142 00000089 9D                      popf                                    ;Restore rflags
   143 0000008A 5B                      pop rbx                                 ;Restore rbx
   144 0000008B 415F                    pop r15                                 ;Restore r15
   145 0000008D 415E                    pop r14                                 ;Restore r14
   146 0000008F 415D                    pop r13                                 ;Restore r13
   147 00000091 415C                    pop r12                                 ;Restore r12
   148 00000093 415B                    pop r11                                 ;Restore r11
   149 00000095 415A                    pop r10                                 ;Restore r10
   150 00000097 4159                    pop r9                                  ;Restore r9
   151 00000099 4158                    pop r8                                  ;Restore r8
   152 0000009B 59                      pop rcx                                 ;Restore rcx
   153 0000009C 5A                      pop rdx                                 ;Restore rdx
   154 0000009D 5E                      pop rsi                                 ;Restore rsi
   155 0000009E 5F                      pop rdi                                 ;Restore rdi
   156 0000009F 5D                      pop rbp                                 ;Restore rbp
   157                                  
   158 000000A0 C3                      ret                                     ;Pop the integer stack and jump to the address represented by the popped value.
   159                                  
   160                                  
   161                                  
   162                                  
   163                                  
   164                                  
   165                                  
   166                                  
   167                                  
   168                                  
   169                                  
   170                                  ;========= Begin function is_digit ==================================================================================
   171                                  
   172                                  ;****************************************************************************************************************************
   173                                  ;Program name: "is_digit".  This a library function contained in a single file.  The function receives a char parameter.  It*
   174                                  ;returns true if that parameter is the ascii value of a decimal digit and returns false in all other cases.                  *
   175                                  ;Copyright (C) 2022 Floyd Holliday.                                                                                         *
   176                                  ;                                                                                                                           *
   177                                  ;This program is free software: you can redistribute it and/or modify it under the terms of the GNU Lesser General Public   *
   178                                  ;License version 3 as published by the Free Software Foundation.  This program is distributed in the hope that it will be   *
   179                                  ;useful, but WITHOUT ANY WARRANTY; without even the implied warranty of MERCHANTABILITY or FITNESS FOR A PARTICULAR PURPOSE.*
   180                                  ;See the GNU Lesser General Public License for more details. A copy of the GNU General Public License v3 is available here: *
   181                                  ;<https:;www.gnu.org/licenses/>.                                                                                            *
   182                                  ;****************************************************************************************************************************
   183                                  ;
   184                                  ;
   185                                  ;========1=========2=========3=========4=========5=========6=========7=========8=========9=========0=========1=========2=========3**
   186                                  ;Author information
   187                                  ;  Author name: Floyd Holliday
   188                                  ;  Author email: holliday@fullerton.edu
   189                                  ;  Author phone (wired phone in CS building): (657)278-7021
   190                                  ;
   191                                  ;Status
   192                                  ;  This software is not an application program, but rather it is a single function licensed for use by other applications.
   193                                  ;  This function can be embedded within both FOSS programs and in proprietary programs as permitted by the LGPL.
   194                                  
   195                                  ;Function information
   196                                  ;  Function name: is_digit
   197                                  ;  Name selection.  This function is named is_digit to avoid confusion with an existing library function named isdigit.
   198                                  ;  Programming language: X86 assembly in Intel syntax.
   199                                  ;  Date development began:  2022-Feb-28
   200                                  ;  Date version 1.0 finished: 2022-Feb 28
   201                                  ;  Files of this function: currently is_digit is an auxillary function of isfloat, and as such does not occupy its own file.
   202                                  ;  System requirements: an X86 platform with nasm installed or other compatible assembler.
   203                                  ;  Known issues: none
   204                                  ;  Assembler used for testing: Nasm version 2.14.02
   205                                  ;  Prototype: bool is_digit(char);
   206                                  ;
   207                                  ;Purpose
   208                                  ;  This function wil accept a single char as input parameter and determine if that parameter represents a decimal digit. 
   209                                  ;
   210                                  ;Translation information if this function occupied its own file.  Currently the function is_digit resides in the same 
   211                                  ;same file as isfloat and therefore, will be assembled when isfloat is assembled.
   212                                  ;  Assemble: nasm -f elf64 -l is_digit.lis -o is_digit.o is_digit.asm
   213                                  ;
   214                                  ;Software design document:
   215                                  ;  An Execution flow chart accompanies this function.  That document will provide a better understanding of the 
   216                                  ;  algorithm used in the isfloat function than a direct reading of the source code of the function.
   217                                  
   218                                  ;========= Begin source code ====================================================================================
   219                                  ;Declaration area
   220                                  true equ -1
   221                                  false equ 0
   222                                  ascii_value_of_zero equ 0x30
   223                                  ascii_value_of_nine equ 0x39
   224                                  
   225                                  segment .data
   226                                     ;This segment is empty
   227                                  
   228                                  segment .bss
   229                                     ;This segment is empty
   230                                  
   231                                  segment .text
   232                                  is_digit:
   233                                  
   234                                  ;Block that backs up almost all GPRs
   235                                  ;Back up the general purpose registers for the sole purpose of protecting the data of the caller.
   236 000000A1 55                      push rbp                                          ;Backup rbp
   237 000000A2 4889E5                  mov  rbp,rsp                                      ;The base pointer now points to top of stack
   238 000000A5 57                      push rdi                                          ;Backup rdi
   239 000000A6 56                      push rsi                                          ;Backup rsi
   240 000000A7 52                      push rdx                                          ;Backup rdx
   241 000000A8 51                      push rcx                                          ;Backup rcx
   242 000000A9 4150                    push r8                                           ;Backup r8
   243 000000AB 4151                    push r9                                           ;Backup r9
   244 000000AD 4152                    push r10                                          ;Backup r10
   245 000000AF 4153                    push r11                                          ;Backup r11
   246 000000B1 4154                    push r12                                          ;Backup r12
   247 000000B3 4155                    push r13                                          ;Backup r13
   248 000000B5 4156                    push r14                                          ;Backup r14
   249 000000B7 4157                    push r15                                          ;Backup r15
   250 000000B9 53                      push rbx                                          ;Backup rbx
   251 000000BA 9C                      pushf                                             ;Backup rflags
   252                                  
   253                                  ;Make a copy of the passed in array of ascii values.
   254                                  ;Note that only the low one-byte of rdi is important for this function is_digit.
   255                                  ;Nevertheless, we copy the entire 8-byte register.
   256 000000BB 41BD00000000            mov r13,0
   257 000000C1 4188FD                  mov r13b,dil     ;Copy the low byte of rdi to the low byte of r13.  The other bytes of rdi are all zeros.
   258                                  
   259                                  ;Block to test if value in r13 >= ascii(0)
   260 000000C4 4983FD30                cmp r13,ascii_value_of_zero
   261 000000C8 7C12                    jl is_digit.return_false
   262                                  
   263                                  ;Block to test if value in r13 <= ascii(9)
   264 000000CA 4983FD39                cmp r13,ascii_value_of_nine
   265 000000CE 7F0C                    jg is_digit.return_false
   266                                  
   267                                  ;Return true
   268 000000D0 4831C0                  xor rax,rax  ;Set rax to zero
   269 000000D3 48C7C0FFFFFFFF          mov rax,true
   270 000000DA EB08                    jmp is_digit.restore_gpr_registers
   271                                  
   272                                  is_digit.return_false:
   273 000000DC 4831C0                  xor rax,rax  ;Set rax to zero
   274 000000DF B800000000              mov rax,false
   275                                  
   276                                  is_digit.restore_gpr_registers:
   277                                  ;Restore all general purpose registers to their original values
   278 000000E4 9D                      popf                                    ;Restore rflags
   279 000000E5 5B                      pop rbx                                 ;Restore rbx
   280 000000E6 415F                    pop r15                                 ;Restore r15
   281 000000E8 415E                    pop r14                                 ;Restore r14
   282 000000EA 415D                    pop r13                                 ;Restore r13
   283 000000EC 415C                    pop r12                                 ;Restore r12
   284 000000EE 415B                    pop r11                                 ;Restore r11
   285 000000F0 415A                    pop r10                                 ;Restore r10
   286 000000F2 4159                    pop r9                                  ;Restore r9
   287 000000F4 4158                    pop r8                                  ;Restore r8
   288 000000F6 59                      pop rcx                                 ;Restore rcx
   289 000000F7 5A                      pop rdx                                 ;Restore rdx
   290 000000F8 5E                      pop rsi                                 ;Restore rsi
   291 000000F9 5F                      pop rdi                                 ;Restore rdi
   292 000000FA 5D                      pop rbp                                 ;Restore rbp
   293                                  
   294 000000FB C3                      ret                                     ;Pop the integer stack and jump to the address represented by the popped value.
   295                                  
   296                                  
