     1                                  ; Nathan Warner
     2                                  ; nwarner4@csu.fullerton.edu
     3                                  ; CPSC 240-3
     4                                  ; May 13, 2024
     5                                  
     6                                  ;Declaration section.  The section has no name other than "Declaration section".  Declare here everything that does
     7                                  ;not have its own place of declaration
     8                                  
     9                                  global driver
    10                                  
    11                                  extern printf
    12                                  
    13                                  
    14                                  float_size equ 60
    15                                  
    16                                  segment .data
    17                                  ;This section (or segment) is for declaring initialized arrays
    18                                  
    19 00000000 546865207465737420-     test_output db "The test program is working", 10, 0
    19 00000009 70726F6772616D2069-
    19 00000012 7320776F726B696E67-
    19 0000001B 0A00               
    20                                  
    21                                  
    22                                  segment .bss
    23                                  ;This section (or segment) is for declaring empty arrays
    24                                  
    25                                  align 64
    26 00000000 <res 340h>              backup_storage_area resb 832
    27                                  
    28                                  
    29                                  segment .text
    30                                  
    31                                  driver:
    32                                  
    33                                      ;Back up the GPRs (General Purpose Registers)
    34 00000000 55                          push rbp
    35 00000001 4889E5                      mov rbp, rsp
    36 00000004 53                          push rbx
    37 00000005 51                          push rcx
    38 00000006 52                          push rdx
    39 00000007 57                          push rdi
    40 00000008 56                          push rsi
    41 00000009 4150                        push r8
    42 0000000B 4151                        push r9
    43 0000000D 4152                        push r10
    44 0000000F 4153                        push r11
    45 00000011 4154                        push r12
    46 00000013 4155                        push r13
    47 00000015 4156                        push r14
    48 00000017 4157                        push r15
    49 00000019 9C                          pushf
    50                                  
    51                                      ;Backup the registers other than the GPRs
    52 0000001A B807000000                  mov rax,7
    53 0000001F BA00000000                  mov rdx,0
    54 00000024 0FAE2425[00000000]          xsave [backup_storage_area]
    55                                  
    56                                  
    57                                      ;TESTING
    58 0000002C B800000000                  mov rax, 0
    59 00000031 48BF-                       mov rdi, test_output
    59 00000033 [0000000000000000] 
    60 0000003B E8(00000000)                call printf
    61                                  
    62                                  
    63                                      ;Back up value in xmm14 before restoring registers
    64 00000040 6A00                        push qword 0
    65 00000042 F2440F113424                movsd [rsp], xmm14
    66                                  
    67                                  
    68                                  
    69                                      ;Restore the values to non-GPRs
    70 00000048 B807000000                  mov rax, 7
    71 0000004D BA00000000                  mov rdx, 0
    72 00000052 0FAE2C25[00000000]          xrstor [backup_storage_area]
    73                                  
    74                                  
    75 0000005A F20F100424                  movsd xmm0, [rsp]
    76 0000005F 58                          pop rax
    77                                      
    78                                  
    79                                  
    80                                      ;Restore the GPRs
    81 00000060 9D                          popf
    82 00000061 415F                        pop r15
    83 00000063 415E                        pop r14
    84 00000065 415D                        pop r13
    85 00000067 415C                        pop r12
    86 00000069 415B                        pop r11
    87 0000006B 415A                        pop r10
    88 0000006D 4159                        pop r9
    89 0000006F 4158                        pop r8
    90 00000071 5E                          pop rsi
    91 00000072 5F                          pop rdi
    92 00000073 5A                          pop rdx
    93 00000074 59                          pop rcx
    94 00000075 5B                          pop rbx
    95 00000076 5D                          pop rbp   ;Restore rbp to the base of the activation record of the caller program
    96 00000077 C3                          ret
    97                                  ;End of the function electricity.asm ====================================================================
